[2024-01-04 16:07:55,093] INFO [Controller id=0 epoch=1] Sending UpdateMetadata request to brokers HashSet(0) for 0 partitions (state.change.logger)
[2024-01-04 16:09:29,702] INFO [Controller id=0 epoch=2] Sending UpdateMetadata request to brokers HashSet(0) for 0 partitions (state.change.logger)
[2024-01-04 18:55:20,925] INFO [Controller id=0 epoch=3] Sending UpdateMetadata request to brokers HashSet(0) for 0 partitions (state.change.logger)
[2024-01-04 19:02:56,134] INFO [Controller id=0 epoch=4] Sending UpdateMetadata request to brokers HashSet(0) for 0 partitions (state.change.logger)
[2024-01-04 19:04:16,781] INFO [Controller id=0 epoch=4] Changed partition ccd_topic-0 state from NonExistentPartition to NewPartition with assigned replicas 0 (state.change.logger)
[2024-01-04 19:04:16,781] INFO [Controller id=0 epoch=4] Sending UpdateMetadata request to brokers HashSet() for 0 partitions (state.change.logger)
[2024-01-04 19:04:16,786] INFO [Controller id=0 epoch=4] Sending UpdateMetadata request to brokers HashSet() for 0 partitions (state.change.logger)
[2024-01-04 19:04:16,819] INFO [Controller id=0 epoch=4] Changed partition ccd_topic-0 from NewPartition to OnlinePartition with state LeaderAndIsr(leader=0, leaderEpoch=0, isrWithBrokerEpoch=List(BrokerState(brokerId=0, brokerEpoch=-1)), leaderRecoveryState=RECOVERED, partitionEpoch=0) (state.change.logger)
[2024-01-04 19:04:16,824] INFO [Controller id=0 epoch=4] Sending LeaderAndIsr request to broker 0 with 1 become-leader and 0 become-follower partitions (state.change.logger)
[2024-01-04 19:04:16,827] INFO [Controller id=0 epoch=4] Sending UpdateMetadata request to brokers HashSet(0) for 1 partitions (state.change.logger)
[2024-01-04 19:04:16,828] INFO [Controller id=0 epoch=4] Sending UpdateMetadata request to brokers HashSet() for 0 partitions (state.change.logger)
[2024-01-04 19:04:16,833] INFO [Broker id=0] Handling LeaderAndIsr request correlationId 1 from controller 0 for 1 partitions (state.change.logger)
[2024-01-04 19:04:16,854] INFO [Broker id=0] Stopped fetchers as part of LeaderAndIsr request correlationId 1 from controller 0 epoch 4 as part of the become-leader transition for 1 partitions (state.change.logger)
[2024-01-04 19:04:16,929] INFO [Broker id=0] Leader ccd_topic-0 with topic id Some(uU-om-D_TrKAdFcRwM62lw) starts at leader epoch 0 from offset 0 with partition epoch 0, high watermark 0, ISR [0], adding replicas [] and removing replicas [] . Previous leader None and previous leader epoch was -1. (state.change.logger)
[2024-01-04 19:04:16,952] INFO [Broker id=0] Finished LeaderAndIsr request in 120ms correlationId 1 from controller 0 for 1 partitions (state.change.logger)
[2024-01-04 19:04:16,960] INFO [Broker id=0] Add 1 partitions and deleted 0 partitions from metadata cache in response to UpdateMetadata request sent by controller 0 epoch 4 with correlation id 2 (state.change.logger)
[2024-01-04 19:20:57,506] INFO [Controller id=0 epoch=5] Sending UpdateMetadata request to brokers HashSet(0) for 0 partitions (state.change.logger)
[2024-01-04 19:20:57,542] INFO [Controller id=0 epoch=5] Sending LeaderAndIsr request to broker 0 with 1 become-leader and 0 become-follower partitions (state.change.logger)
[2024-01-04 19:20:57,546] INFO [Controller id=0 epoch=5] Sending UpdateMetadata request to brokers HashSet(0) for 1 partitions (state.change.logger)
[2024-01-04 19:20:58,085] INFO [Broker id=0] Handling LeaderAndIsr request correlationId 1 from controller 0 for 1 partitions (state.change.logger)
[2024-01-04 19:20:58,102] INFO [Broker id=0] Stopped fetchers as part of LeaderAndIsr request correlationId 1 from controller 0 epoch 5 as part of the become-leader transition for 1 partitions (state.change.logger)
[2024-01-04 19:20:58,113] INFO [Broker id=0] Leader ccd_topic-0 with topic id Some(uU-om-D_TrKAdFcRwM62lw) starts at leader epoch 0 from offset 0 with partition epoch 0, high watermark 0, ISR [0], adding replicas [] and removing replicas [] . Previous leader None and previous leader epoch was -1. (state.change.logger)
[2024-01-04 19:20:58,133] INFO [Broker id=0] Finished LeaderAndIsr request in 49ms correlationId 1 from controller 0 for 1 partitions (state.change.logger)
[2024-01-04 19:20:58,143] INFO [Broker id=0] Add 1 partitions and deleted 0 partitions from metadata cache in response to UpdateMetadata request sent by controller 0 epoch 5 with correlation id 2 (state.change.logger)
[2024-01-04 20:03:23,723] INFO [Controller id=0 epoch=6] Sending UpdateMetadata request to brokers HashSet(0) for 0 partitions (state.change.logger)
[2024-01-04 20:03:23,759] INFO [Controller id=0 epoch=6] Sending LeaderAndIsr request to broker 0 with 1 become-leader and 0 become-follower partitions (state.change.logger)
[2024-01-04 20:03:23,761] INFO [Controller id=0 epoch=6] Sending UpdateMetadata request to brokers HashSet(0) for 1 partitions (state.change.logger)
[2024-01-04 20:03:24,308] INFO [Broker id=0] Handling LeaderAndIsr request correlationId 1 from controller 0 for 1 partitions (state.change.logger)
[2024-01-04 20:03:24,325] INFO [Broker id=0] Stopped fetchers as part of LeaderAndIsr request correlationId 1 from controller 0 epoch 6 as part of the become-leader transition for 1 partitions (state.change.logger)
[2024-01-04 20:03:24,344] INFO [Broker id=0] Leader ccd_topic-0 with topic id Some(uU-om-D_TrKAdFcRwM62lw) starts at leader epoch 0 from offset 0 with partition epoch 0, high watermark 0, ISR [0], adding replicas [] and removing replicas [] . Previous leader None and previous leader epoch was -1. (state.change.logger)
[2024-01-04 20:03:24,363] INFO [Broker id=0] Finished LeaderAndIsr request in 56ms correlationId 1 from controller 0 for 1 partitions (state.change.logger)
[2024-01-04 20:03:24,372] INFO [Broker id=0] Add 1 partitions and deleted 0 partitions from metadata cache in response to UpdateMetadata request sent by controller 0 epoch 6 with correlation id 2 (state.change.logger)
[2024-01-04 20:14:49,083] INFO [Controller id=0 epoch=6] Changed partition ashokit_order_topic-0 state from NonExistentPartition to NewPartition with assigned replicas 0 (state.change.logger)
[2024-01-04 20:14:49,083] INFO [Controller id=0 epoch=6] Sending UpdateMetadata request to brokers HashSet() for 0 partitions (state.change.logger)
[2024-01-04 20:14:49,086] INFO [Controller id=0 epoch=6] Sending UpdateMetadata request to brokers HashSet() for 0 partitions (state.change.logger)
[2024-01-04 20:14:49,110] INFO [Controller id=0 epoch=6] Changed partition ashokit_order_topic-0 from NewPartition to OnlinePartition with state LeaderAndIsr(leader=0, leaderEpoch=0, isrWithBrokerEpoch=List(BrokerState(brokerId=0, brokerEpoch=-1)), leaderRecoveryState=RECOVERED, partitionEpoch=0) (state.change.logger)
[2024-01-04 20:14:49,110] INFO [Controller id=0 epoch=6] Sending LeaderAndIsr request to broker 0 with 1 become-leader and 0 become-follower partitions (state.change.logger)
[2024-01-04 20:14:49,110] INFO [Controller id=0 epoch=6] Sending UpdateMetadata request to brokers HashSet(0) for 1 partitions (state.change.logger)
[2024-01-04 20:14:49,111] INFO [Controller id=0 epoch=6] Sending UpdateMetadata request to brokers HashSet() for 0 partitions (state.change.logger)
[2024-01-04 20:14:49,114] INFO [Broker id=0] Handling LeaderAndIsr request correlationId 3 from controller 0 for 1 partitions (state.change.logger)
[2024-01-04 20:14:49,116] INFO [Broker id=0] Stopped fetchers as part of LeaderAndIsr request correlationId 3 from controller 0 epoch 6 as part of the become-leader transition for 1 partitions (state.change.logger)
[2024-01-04 20:14:49,137] INFO [Broker id=0] Leader ashokit_order_topic-0 with topic id Some(5Q4N7hzzQlm7qY9PXHYY9w) starts at leader epoch 0 from offset 0 with partition epoch 0, high watermark 0, ISR [0], adding replicas [] and removing replicas [] . Previous leader None and previous leader epoch was -1. (state.change.logger)
[2024-01-04 20:14:49,148] INFO [Broker id=0] Finished LeaderAndIsr request in 34ms correlationId 3 from controller 0 for 1 partitions (state.change.logger)
[2024-01-04 20:14:49,151] INFO [Broker id=0] Add 1 partitions and deleted 0 partitions from metadata cache in response to UpdateMetadata request sent by controller 0 epoch 6 with correlation id 4 (state.change.logger)
[2024-01-04 20:30:58,088] INFO [Controller id=0 epoch=6] Changed partition __consumer_offsets-22 state from NonExistentPartition to NewPartition with assigned replicas 0 (state.change.logger)
[2024-01-04 20:30:58,088] INFO [Controller id=0 epoch=6] Changed partition __consumer_offsets-30 state from NonExistentPartition to NewPartition with assigned replicas 0 (state.change.logger)
[2024-01-04 20:30:58,088] INFO [Controller id=0 epoch=6] Changed partition __consumer_offsets-25 state from NonExistentPartition to NewPartition with assigned replicas 0 (state.change.logger)
[2024-01-04 20:30:58,088] INFO [Controller id=0 epoch=6] Changed partition __consumer_offsets-35 state from NonExistentPartition to NewPartition with assigned replicas 0 (state.change.logger)
[2024-01-04 20:30:58,088] INFO [Controller id=0 epoch=6] Changed partition __consumer_offsets-37 state from NonExistentPartition to NewPartition with assigned replicas 0 (state.change.logger)
[2024-01-04 20:30:58,088] INFO [Controller id=0 epoch=6] Changed partition __consumer_offsets-38 state from NonExistentPartition to NewPartition with assigned replicas 0 (state.change.logger)
[2024-01-04 20:30:58,088] INFO [Controller id=0 epoch=6] Changed partition __consumer_offsets-13 state from NonExistentPartition to NewPartition with assigned replicas 0 (state.change.logger)
[2024-01-04 20:30:58,088] INFO [Controller id=0 epoch=6] Changed partition __consumer_offsets-8 state from NonExistentPartition to NewPartition with assigned replicas 0 (state.change.logger)
[2024-01-04 20:30:58,088] INFO [Controller id=0 epoch=6] Changed partition __consumer_offsets-21 state from NonExistentPartition to NewPartition with assigned replicas 0 (state.change.logger)
[2024-01-04 20:30:58,088] INFO [Controller id=0 epoch=6] Changed partition __consumer_offsets-4 state from NonExistentPartition to NewPartition with assigned replicas 0 (state.change.logger)
[2024-01-04 20:30:58,088] INFO [Controller id=0 epoch=6] Changed partition __consumer_offsets-27 state from NonExistentPartition to NewPartition with assigned replicas 0 (state.change.logger)
[2024-01-04 20:30:58,088] INFO [Controller id=0 epoch=6] Changed partition __consumer_offsets-7 state from NonExistentPartition to NewPartition with assigned replicas 0 (state.change.logger)
[2024-01-04 20:30:58,088] INFO [Controller id=0 epoch=6] Changed partition __consumer_offsets-9 state from NonExistentPartition to NewPartition with assigned replicas 0 (state.change.logger)
[2024-01-04 20:30:58,088] INFO [Controller id=0 epoch=6] Changed partition __consumer_offsets-46 state from NonExistentPartition to NewPartition with assigned replicas 0 (state.change.logger)
[2024-01-04 20:30:58,088] INFO [Controller id=0 epoch=6] Changed partition __consumer_offsets-41 state from NonExistentPartition to NewPartition with assigned replicas 0 (state.change.logger)
[2024-01-04 20:30:58,088] INFO [Controller id=0 epoch=6] Changed partition __consumer_offsets-33 state from NonExistentPartition to NewPartition with assigned replicas 0 (state.change.logger)
[2024-01-04 20:30:58,088] INFO [Controller id=0 epoch=6] Changed partition __consumer_offsets-23 state from NonExistentPartition to NewPartition with assigned replicas 0 (state.change.logger)
[2024-01-04 20:30:58,088] INFO [Controller id=0 epoch=6] Changed partition __consumer_offsets-49 state from NonExistentPartition to NewPartition with assigned replicas 0 (state.change.logger)
[2024-01-04 20:30:58,088] INFO [Controller id=0 epoch=6] Changed partition __consumer_offsets-47 state from NonExistentPartition to NewPartition with assigned replicas 0 (state.change.logger)
[2024-01-04 20:30:58,088] INFO [Controller id=0 epoch=6] Changed partition __consumer_offsets-16 state from NonExistentPartition to NewPartition with assigned replicas 0 (state.change.logger)
[2024-01-04 20:30:58,088] INFO [Controller id=0 epoch=6] Changed partition __consumer_offsets-28 state from NonExistentPartition to NewPartition with assigned replicas 0 (state.change.logger)
[2024-01-04 20:30:58,088] INFO [Controller id=0 epoch=6] Changed partition __consumer_offsets-31 state from NonExistentPartition to NewPartition with assigned replicas 0 (state.change.logger)
[2024-01-04 20:30:58,088] INFO [Controller id=0 epoch=6] Changed partition __consumer_offsets-36 state from NonExistentPartition to NewPartition with assigned replicas 0 (state.change.logger)
[2024-01-04 20:30:58,088] INFO [Controller id=0 epoch=6] Changed partition __consumer_offsets-42 state from NonExistentPartition to NewPartition with assigned replicas 0 (state.change.logger)
[2024-01-04 20:30:58,088] INFO [Controller id=0 epoch=6] Changed partition __consumer_offsets-3 state from NonExistentPartition to NewPartition with assigned replicas 0 (state.change.logger)
[2024-01-04 20:30:58,088] INFO [Controller id=0 epoch=6] Changed partition __consumer_offsets-18 state from NonExistentPartition to NewPartition with assigned replicas 0 (state.change.logger)
[2024-01-04 20:30:58,088] INFO [Controller id=0 epoch=6] Changed partition __consumer_offsets-15 state from NonExistentPartition to NewPartition with assigned replicas 0 (state.change.logger)
[2024-01-04 20:30:58,088] INFO [Controller id=0 epoch=6] Changed partition __consumer_offsets-24 state from NonExistentPartition to NewPartition with assigned replicas 0 (state.change.logger)
[2024-01-04 20:30:58,088] INFO [Controller id=0 epoch=6] Changed partition __consumer_offsets-17 state from NonExistentPartition to NewPartition with assigned replicas 0 (state.change.logger)
[2024-01-04 20:30:58,088] INFO [Controller id=0 epoch=6] Changed partition __consumer_offsets-48 state from NonExistentPartition to NewPartition with assigned replicas 0 (state.change.logger)
[2024-01-04 20:30:58,088] INFO [Controller id=0 epoch=6] Changed partition __consumer_offsets-19 state from NonExistentPartition to NewPartition with assigned replicas 0 (state.change.logger)
[2024-01-04 20:30:58,088] INFO [Controller id=0 epoch=6] Changed partition __consumer_offsets-11 state from NonExistentPartition to NewPartition with assigned replicas 0 (state.change.logger)
[2024-01-04 20:30:58,088] INFO [Controller id=0 epoch=6] Changed partition __consumer_offsets-2 state from NonExistentPartition to NewPartition with assigned replicas 0 (state.change.logger)
[2024-01-04 20:30:58,088] INFO [Controller id=0 epoch=6] Changed partition __consumer_offsets-43 state from NonExistentPartition to NewPartition with assigned replicas 0 (state.change.logger)
[2024-01-04 20:30:58,088] INFO [Controller id=0 epoch=6] Changed partition __consumer_offsets-6 state from NonExistentPartition to NewPartition with assigned replicas 0 (state.change.logger)
[2024-01-04 20:30:58,088] INFO [Controller id=0 epoch=6] Changed partition __consumer_offsets-14 state from NonExistentPartition to NewPartition with assigned replicas 0 (state.change.logger)
[2024-01-04 20:30:58,088] INFO [Controller id=0 epoch=6] Changed partition __consumer_offsets-20 state from NonExistentPartition to NewPartition with assigned replicas 0 (state.change.logger)
[2024-01-04 20:30:58,088] INFO [Controller id=0 epoch=6] Changed partition __consumer_offsets-0 state from NonExistentPartition to NewPartition with assigned replicas 0 (state.change.logger)
[2024-01-04 20:30:58,088] INFO [Controller id=0 epoch=6] Changed partition __consumer_offsets-44 state from NonExistentPartition to NewPartition with assigned replicas 0 (state.change.logger)
[2024-01-04 20:30:58,090] INFO [Controller id=0 epoch=6] Changed partition __consumer_offsets-39 state from NonExistentPartition to NewPartition with assigned replicas 0 (state.change.logger)
[2024-01-04 20:30:58,090] INFO [Controller id=0 epoch=6] Changed partition __consumer_offsets-12 state from NonExistentPartition to NewPartition with assigned replicas 0 (state.change.logger)
[2024-01-04 20:30:58,090] INFO [Controller id=0 epoch=6] Changed partition __consumer_offsets-45 state from NonExistentPartition to NewPartition with assigned replicas 0 (state.change.logger)
[2024-01-04 20:30:58,090] INFO [Controller id=0 epoch=6] Changed partition __consumer_offsets-1 state from NonExistentPartition to NewPartition with assigned replicas 0 (state.change.logger)
[2024-01-04 20:30:58,090] INFO [Controller id=0 epoch=6] Changed partition __consumer_offsets-5 state from NonExistentPartition to NewPartition with assigned replicas 0 (state.change.logger)
[2024-01-04 20:30:58,090] INFO [Controller id=0 epoch=6] Changed partition __consumer_offsets-26 state from NonExistentPartition to NewPartition with assigned replicas 0 (state.change.logger)
[2024-01-04 20:30:58,090] INFO [Controller id=0 epoch=6] Changed partition __consumer_offsets-29 state from NonExistentPartition to NewPartition with assigned replicas 0 (state.change.logger)
[2024-01-04 20:30:58,090] INFO [Controller id=0 epoch=6] Changed partition __consumer_offsets-34 state from NonExistentPartition to NewPartition with assigned replicas 0 (state.change.logger)
[2024-01-04 20:30:58,090] INFO [Controller id=0 epoch=6] Changed partition __consumer_offsets-10 state from NonExistentPartition to NewPartition with assigned replicas 0 (state.change.logger)
[2024-01-04 20:30:58,090] INFO [Controller id=0 epoch=6] Changed partition __consumer_offsets-32 state from NonExistentPartition to NewPartition with assigned replicas 0 (state.change.logger)
[2024-01-04 20:30:58,090] INFO [Controller id=0 epoch=6] Changed partition __consumer_offsets-40 state from NonExistentPartition to NewPartition with assigned replicas 0 (state.change.logger)
[2024-01-04 20:30:58,090] INFO [Controller id=0 epoch=6] Sending UpdateMetadata request to brokers HashSet() for 0 partitions (state.change.logger)
[2024-01-04 20:30:58,091] INFO [Controller id=0 epoch=6] Sending UpdateMetadata request to brokers HashSet() for 0 partitions (state.change.logger)
[2024-01-04 20:30:58,186] INFO [Controller id=0 epoch=6] Changed partition __consumer_offsets-22 from NewPartition to OnlinePartition with state LeaderAndIsr(leader=0, leaderEpoch=0, isrWithBrokerEpoch=List(BrokerState(brokerId=0, brokerEpoch=-1)), leaderRecoveryState=RECOVERED, partitionEpoch=0) (state.change.logger)
[2024-01-04 20:30:58,187] INFO [Controller id=0 epoch=6] Changed partition __consumer_offsets-30 from NewPartition to OnlinePartition with state LeaderAndIsr(leader=0, leaderEpoch=0, isrWithBrokerEpoch=List(BrokerState(brokerId=0, brokerEpoch=-1)), leaderRecoveryState=RECOVERED, partitionEpoch=0) (state.change.logger)
[2024-01-04 20:30:58,187] INFO [Controller id=0 epoch=6] Changed partition __consumer_offsets-25 from NewPartition to OnlinePartition with state LeaderAndIsr(leader=0, leaderEpoch=0, isrWithBrokerEpoch=List(BrokerState(brokerId=0, brokerEpoch=-1)), leaderRecoveryState=RECOVERED, partitionEpoch=0) (state.change.logger)
[2024-01-04 20:30:58,187] INFO [Controller id=0 epoch=6] Changed partition __consumer_offsets-35 from NewPartition to OnlinePartition with state LeaderAndIsr(leader=0, leaderEpoch=0, isrWithBrokerEpoch=List(BrokerState(brokerId=0, brokerEpoch=-1)), leaderRecoveryState=RECOVERED, partitionEpoch=0) (state.change.logger)
[2024-01-04 20:30:58,187] INFO [Controller id=0 epoch=6] Changed partition __consumer_offsets-37 from NewPartition to OnlinePartition with state LeaderAndIsr(leader=0, leaderEpoch=0, isrWithBrokerEpoch=List(BrokerState(brokerId=0, brokerEpoch=-1)), leaderRecoveryState=RECOVERED, partitionEpoch=0) (state.change.logger)
[2024-01-04 20:30:58,187] INFO [Controller id=0 epoch=6] Changed partition __consumer_offsets-38 from NewPartition to OnlinePartition with state LeaderAndIsr(leader=0, leaderEpoch=0, isrWithBrokerEpoch=List(BrokerState(brokerId=0, brokerEpoch=-1)), leaderRecoveryState=RECOVERED, partitionEpoch=0) (state.change.logger)
[2024-01-04 20:30:58,187] INFO [Controller id=0 epoch=6] Changed partition __consumer_offsets-13 from NewPartition to OnlinePartition with state LeaderAndIsr(leader=0, leaderEpoch=0, isrWithBrokerEpoch=List(BrokerState(brokerId=0, brokerEpoch=-1)), leaderRecoveryState=RECOVERED, partitionEpoch=0) (state.change.logger)
[2024-01-04 20:30:58,187] INFO [Controller id=0 epoch=6] Changed partition __consumer_offsets-8 from NewPartition to OnlinePartition with state LeaderAndIsr(leader=0, leaderEpoch=0, isrWithBrokerEpoch=List(BrokerState(brokerId=0, brokerEpoch=-1)), leaderRecoveryState=RECOVERED, partitionEpoch=0) (state.change.logger)
[2024-01-04 20:30:58,187] INFO [Controller id=0 epoch=6] Changed partition __consumer_offsets-21 from NewPartition to OnlinePartition with state LeaderAndIsr(leader=0, leaderEpoch=0, isrWithBrokerEpoch=List(BrokerState(brokerId=0, brokerEpoch=-1)), leaderRecoveryState=RECOVERED, partitionEpoch=0) (state.change.logger)
[2024-01-04 20:30:58,187] INFO [Controller id=0 epoch=6] Changed partition __consumer_offsets-4 from NewPartition to OnlinePartition with state LeaderAndIsr(leader=0, leaderEpoch=0, isrWithBrokerEpoch=List(BrokerState(brokerId=0, brokerEpoch=-1)), leaderRecoveryState=RECOVERED, partitionEpoch=0) (state.change.logger)
[2024-01-04 20:30:58,187] INFO [Controller id=0 epoch=6] Changed partition __consumer_offsets-27 from NewPartition to OnlinePartition with state LeaderAndIsr(leader=0, leaderEpoch=0, isrWithBrokerEpoch=List(BrokerState(brokerId=0, brokerEpoch=-1)), leaderRecoveryState=RECOVERED, partitionEpoch=0) (state.change.logger)
[2024-01-04 20:30:58,187] INFO [Controller id=0 epoch=6] Changed partition __consumer_offsets-7 from NewPartition to OnlinePartition with state LeaderAndIsr(leader=0, leaderEpoch=0, isrWithBrokerEpoch=List(BrokerState(brokerId=0, brokerEpoch=-1)), leaderRecoveryState=RECOVERED, partitionEpoch=0) (state.change.logger)
[2024-01-04 20:30:58,187] INFO [Controller id=0 epoch=6] Changed partition __consumer_offsets-9 from NewPartition to OnlinePartition with state LeaderAndIsr(leader=0, leaderEpoch=0, isrWithBrokerEpoch=List(BrokerState(brokerId=0, brokerEpoch=-1)), leaderRecoveryState=RECOVERED, partitionEpoch=0) (state.change.logger)
[2024-01-04 20:30:58,187] INFO [Controller id=0 epoch=6] Changed partition __consumer_offsets-46 from NewPartition to OnlinePartition with state LeaderAndIsr(leader=0, leaderEpoch=0, isrWithBrokerEpoch=List(BrokerState(brokerId=0, brokerEpoch=-1)), leaderRecoveryState=RECOVERED, partitionEpoch=0) (state.change.logger)
[2024-01-04 20:30:58,187] INFO [Controller id=0 epoch=6] Changed partition __consumer_offsets-41 from NewPartition to OnlinePartition with state LeaderAndIsr(leader=0, leaderEpoch=0, isrWithBrokerEpoch=List(BrokerState(brokerId=0, brokerEpoch=-1)), leaderRecoveryState=RECOVERED, partitionEpoch=0) (state.change.logger)
[2024-01-04 20:30:58,187] INFO [Controller id=0 epoch=6] Changed partition __consumer_offsets-33 from NewPartition to OnlinePartition with state LeaderAndIsr(leader=0, leaderEpoch=0, isrWithBrokerEpoch=List(BrokerState(brokerId=0, brokerEpoch=-1)), leaderRecoveryState=RECOVERED, partitionEpoch=0) (state.change.logger)
[2024-01-04 20:30:58,187] INFO [Controller id=0 epoch=6] Changed partition __consumer_offsets-23 from NewPartition to OnlinePartition with state LeaderAndIsr(leader=0, leaderEpoch=0, isrWithBrokerEpoch=List(BrokerState(brokerId=0, brokerEpoch=-1)), leaderRecoveryState=RECOVERED, partitionEpoch=0) (state.change.logger)
[2024-01-04 20:30:58,187] INFO [Controller id=0 epoch=6] Changed partition __consumer_offsets-49 from NewPartition to OnlinePartition with state LeaderAndIsr(leader=0, leaderEpoch=0, isrWithBrokerEpoch=List(BrokerState(brokerId=0, brokerEpoch=-1)), leaderRecoveryState=RECOVERED, partitionEpoch=0) (state.change.logger)
[2024-01-04 20:30:58,187] INFO [Controller id=0 epoch=6] Changed partition __consumer_offsets-47 from NewPartition to OnlinePartition with state LeaderAndIsr(leader=0, leaderEpoch=0, isrWithBrokerEpoch=List(BrokerState(brokerId=0, brokerEpoch=-1)), leaderRecoveryState=RECOVERED, partitionEpoch=0) (state.change.logger)
[2024-01-04 20:30:58,187] INFO [Controller id=0 epoch=6] Changed partition __consumer_offsets-16 from NewPartition to OnlinePartition with state LeaderAndIsr(leader=0, leaderEpoch=0, isrWithBrokerEpoch=List(BrokerState(brokerId=0, brokerEpoch=-1)), leaderRecoveryState=RECOVERED, partitionEpoch=0) (state.change.logger)
[2024-01-04 20:30:58,187] INFO [Controller id=0 epoch=6] Changed partition __consumer_offsets-28 from NewPartition to OnlinePartition with state LeaderAndIsr(leader=0, leaderEpoch=0, isrWithBrokerEpoch=List(BrokerState(brokerId=0, brokerEpoch=-1)), leaderRecoveryState=RECOVERED, partitionEpoch=0) (state.change.logger)
[2024-01-04 20:30:58,187] INFO [Controller id=0 epoch=6] Changed partition __consumer_offsets-31 from NewPartition to OnlinePartition with state LeaderAndIsr(leader=0, leaderEpoch=0, isrWithBrokerEpoch=List(BrokerState(brokerId=0, brokerEpoch=-1)), leaderRecoveryState=RECOVERED, partitionEpoch=0) (state.change.logger)
[2024-01-04 20:30:58,187] INFO [Controller id=0 epoch=6] Changed partition __consumer_offsets-36 from NewPartition to OnlinePartition with state LeaderAndIsr(leader=0, leaderEpoch=0, isrWithBrokerEpoch=List(BrokerState(brokerId=0, brokerEpoch=-1)), leaderRecoveryState=RECOVERED, partitionEpoch=0) (state.change.logger)
[2024-01-04 20:30:58,188] INFO [Controller id=0 epoch=6] Changed partition __consumer_offsets-42 from NewPartition to OnlinePartition with state LeaderAndIsr(leader=0, leaderEpoch=0, isrWithBrokerEpoch=List(BrokerState(brokerId=0, brokerEpoch=-1)), leaderRecoveryState=RECOVERED, partitionEpoch=0) (state.change.logger)
[2024-01-04 20:30:58,188] INFO [Controller id=0 epoch=6] Changed partition __consumer_offsets-3 from NewPartition to OnlinePartition with state LeaderAndIsr(leader=0, leaderEpoch=0, isrWithBrokerEpoch=List(BrokerState(brokerId=0, brokerEpoch=-1)), leaderRecoveryState=RECOVERED, partitionEpoch=0) (state.change.logger)
[2024-01-04 20:30:58,188] INFO [Controller id=0 epoch=6] Changed partition __consumer_offsets-18 from NewPartition to OnlinePartition with state LeaderAndIsr(leader=0, leaderEpoch=0, isrWithBrokerEpoch=List(BrokerState(brokerId=0, brokerEpoch=-1)), leaderRecoveryState=RECOVERED, partitionEpoch=0) (state.change.logger)
[2024-01-04 20:30:58,188] INFO [Controller id=0 epoch=6] Changed partition __consumer_offsets-15 from NewPartition to OnlinePartition with state LeaderAndIsr(leader=0, leaderEpoch=0, isrWithBrokerEpoch=List(BrokerState(brokerId=0, brokerEpoch=-1)), leaderRecoveryState=RECOVERED, partitionEpoch=0) (state.change.logger)
[2024-01-04 20:30:58,188] INFO [Controller id=0 epoch=6] Changed partition __consumer_offsets-24 from NewPartition to OnlinePartition with state LeaderAndIsr(leader=0, leaderEpoch=0, isrWithBrokerEpoch=List(BrokerState(brokerId=0, brokerEpoch=-1)), leaderRecoveryState=RECOVERED, partitionEpoch=0) (state.change.logger)
[2024-01-04 20:30:58,188] INFO [Controller id=0 epoch=6] Changed partition __consumer_offsets-17 from NewPartition to OnlinePartition with state LeaderAndIsr(leader=0, leaderEpoch=0, isrWithBrokerEpoch=List(BrokerState(brokerId=0, brokerEpoch=-1)), leaderRecoveryState=RECOVERED, partitionEpoch=0) (state.change.logger)
[2024-01-04 20:30:58,188] INFO [Controller id=0 epoch=6] Changed partition __consumer_offsets-48 from NewPartition to OnlinePartition with state LeaderAndIsr(leader=0, leaderEpoch=0, isrWithBrokerEpoch=List(BrokerState(brokerId=0, brokerEpoch=-1)), leaderRecoveryState=RECOVERED, partitionEpoch=0) (state.change.logger)
[2024-01-04 20:30:58,188] INFO [Controller id=0 epoch=6] Changed partition __consumer_offsets-19 from NewPartition to OnlinePartition with state LeaderAndIsr(leader=0, leaderEpoch=0, isrWithBrokerEpoch=List(BrokerState(brokerId=0, brokerEpoch=-1)), leaderRecoveryState=RECOVERED, partitionEpoch=0) (state.change.logger)
[2024-01-04 20:30:58,188] INFO [Controller id=0 epoch=6] Changed partition __consumer_offsets-11 from NewPartition to OnlinePartition with state LeaderAndIsr(leader=0, leaderEpoch=0, isrWithBrokerEpoch=List(BrokerState(brokerId=0, brokerEpoch=-1)), leaderRecoveryState=RECOVERED, partitionEpoch=0) (state.change.logger)
[2024-01-04 20:30:58,188] INFO [Controller id=0 epoch=6] Changed partition __consumer_offsets-2 from NewPartition to OnlinePartition with state LeaderAndIsr(leader=0, leaderEpoch=0, isrWithBrokerEpoch=List(BrokerState(brokerId=0, brokerEpoch=-1)), leaderRecoveryState=RECOVERED, partitionEpoch=0) (state.change.logger)
[2024-01-04 20:30:58,188] INFO [Controller id=0 epoch=6] Changed partition __consumer_offsets-43 from NewPartition to OnlinePartition with state LeaderAndIsr(leader=0, leaderEpoch=0, isrWithBrokerEpoch=List(BrokerState(brokerId=0, brokerEpoch=-1)), leaderRecoveryState=RECOVERED, partitionEpoch=0) (state.change.logger)
[2024-01-04 20:30:58,188] INFO [Controller id=0 epoch=6] Changed partition __consumer_offsets-6 from NewPartition to OnlinePartition with state LeaderAndIsr(leader=0, leaderEpoch=0, isrWithBrokerEpoch=List(BrokerState(brokerId=0, brokerEpoch=-1)), leaderRecoveryState=RECOVERED, partitionEpoch=0) (state.change.logger)
[2024-01-04 20:30:58,188] INFO [Controller id=0 epoch=6] Changed partition __consumer_offsets-14 from NewPartition to OnlinePartition with state LeaderAndIsr(leader=0, leaderEpoch=0, isrWithBrokerEpoch=List(BrokerState(brokerId=0, brokerEpoch=-1)), leaderRecoveryState=RECOVERED, partitionEpoch=0) (state.change.logger)
[2024-01-04 20:30:58,188] INFO [Controller id=0 epoch=6] Changed partition __consumer_offsets-20 from NewPartition to OnlinePartition with state LeaderAndIsr(leader=0, leaderEpoch=0, isrWithBrokerEpoch=List(BrokerState(brokerId=0, brokerEpoch=-1)), leaderRecoveryState=RECOVERED, partitionEpoch=0) (state.change.logger)
[2024-01-04 20:30:58,188] INFO [Controller id=0 epoch=6] Changed partition __consumer_offsets-0 from NewPartition to OnlinePartition with state LeaderAndIsr(leader=0, leaderEpoch=0, isrWithBrokerEpoch=List(BrokerState(brokerId=0, brokerEpoch=-1)), leaderRecoveryState=RECOVERED, partitionEpoch=0) (state.change.logger)
[2024-01-04 20:30:58,188] INFO [Controller id=0 epoch=6] Changed partition __consumer_offsets-44 from NewPartition to OnlinePartition with state LeaderAndIsr(leader=0, leaderEpoch=0, isrWithBrokerEpoch=List(BrokerState(brokerId=0, brokerEpoch=-1)), leaderRecoveryState=RECOVERED, partitionEpoch=0) (state.change.logger)
[2024-01-04 20:30:58,188] INFO [Controller id=0 epoch=6] Changed partition __consumer_offsets-39 from NewPartition to OnlinePartition with state LeaderAndIsr(leader=0, leaderEpoch=0, isrWithBrokerEpoch=List(BrokerState(brokerId=0, brokerEpoch=-1)), leaderRecoveryState=RECOVERED, partitionEpoch=0) (state.change.logger)
[2024-01-04 20:30:58,188] INFO [Controller id=0 epoch=6] Changed partition __consumer_offsets-12 from NewPartition to OnlinePartition with state LeaderAndIsr(leader=0, leaderEpoch=0, isrWithBrokerEpoch=List(BrokerState(brokerId=0, brokerEpoch=-1)), leaderRecoveryState=RECOVERED, partitionEpoch=0) (state.change.logger)
[2024-01-04 20:30:58,188] INFO [Controller id=0 epoch=6] Changed partition __consumer_offsets-45 from NewPartition to OnlinePartition with state LeaderAndIsr(leader=0, leaderEpoch=0, isrWithBrokerEpoch=List(BrokerState(brokerId=0, brokerEpoch=-1)), leaderRecoveryState=RECOVERED, partitionEpoch=0) (state.change.logger)
[2024-01-04 20:30:58,188] INFO [Controller id=0 epoch=6] Changed partition __consumer_offsets-1 from NewPartition to OnlinePartition with state LeaderAndIsr(leader=0, leaderEpoch=0, isrWithBrokerEpoch=List(BrokerState(brokerId=0, brokerEpoch=-1)), leaderRecoveryState=RECOVERED, partitionEpoch=0) (state.change.logger)
[2024-01-04 20:30:58,188] INFO [Controller id=0 epoch=6] Changed partition __consumer_offsets-5 from NewPartition to OnlinePartition with state LeaderAndIsr(leader=0, leaderEpoch=0, isrWithBrokerEpoch=List(BrokerState(brokerId=0, brokerEpoch=-1)), leaderRecoveryState=RECOVERED, partitionEpoch=0) (state.change.logger)
[2024-01-04 20:30:58,188] INFO [Controller id=0 epoch=6] Changed partition __consumer_offsets-26 from NewPartition to OnlinePartition with state LeaderAndIsr(leader=0, leaderEpoch=0, isrWithBrokerEpoch=List(BrokerState(brokerId=0, brokerEpoch=-1)), leaderRecoveryState=RECOVERED, partitionEpoch=0) (state.change.logger)
[2024-01-04 20:30:58,188] INFO [Controller id=0 epoch=6] Changed partition __consumer_offsets-29 from NewPartition to OnlinePartition with state LeaderAndIsr(leader=0, leaderEpoch=0, isrWithBrokerEpoch=List(BrokerState(brokerId=0, brokerEpoch=-1)), leaderRecoveryState=RECOVERED, partitionEpoch=0) (state.change.logger)
[2024-01-04 20:30:58,189] INFO [Controller id=0 epoch=6] Changed partition __consumer_offsets-34 from NewPartition to OnlinePartition with state LeaderAndIsr(leader=0, leaderEpoch=0, isrWithBrokerEpoch=List(BrokerState(brokerId=0, brokerEpoch=-1)), leaderRecoveryState=RECOVERED, partitionEpoch=0) (state.change.logger)
[2024-01-04 20:30:58,189] INFO [Controller id=0 epoch=6] Changed partition __consumer_offsets-10 from NewPartition to OnlinePartition with state LeaderAndIsr(leader=0, leaderEpoch=0, isrWithBrokerEpoch=List(BrokerState(brokerId=0, brokerEpoch=-1)), leaderRecoveryState=RECOVERED, partitionEpoch=0) (state.change.logger)
[2024-01-04 20:30:58,189] INFO [Controller id=0 epoch=6] Changed partition __consumer_offsets-32 from NewPartition to OnlinePartition with state LeaderAndIsr(leader=0, leaderEpoch=0, isrWithBrokerEpoch=List(BrokerState(brokerId=0, brokerEpoch=-1)), leaderRecoveryState=RECOVERED, partitionEpoch=0) (state.change.logger)
[2024-01-04 20:30:58,189] INFO [Controller id=0 epoch=6] Changed partition __consumer_offsets-40 from NewPartition to OnlinePartition with state LeaderAndIsr(leader=0, leaderEpoch=0, isrWithBrokerEpoch=List(BrokerState(brokerId=0, brokerEpoch=-1)), leaderRecoveryState=RECOVERED, partitionEpoch=0) (state.change.logger)
[2024-01-04 20:30:58,189] INFO [Controller id=0 epoch=6] Sending LeaderAndIsr request to broker 0 with 50 become-leader and 0 become-follower partitions (state.change.logger)
[2024-01-04 20:30:58,190] INFO [Controller id=0 epoch=6] Sending UpdateMetadata request to brokers HashSet(0) for 50 partitions (state.change.logger)
[2024-01-04 20:30:58,192] INFO [Controller id=0 epoch=6] Sending UpdateMetadata request to brokers HashSet() for 0 partitions (state.change.logger)
[2024-01-04 20:30:58,196] INFO [Broker id=0] Handling LeaderAndIsr request correlationId 5 from controller 0 for 50 partitions (state.change.logger)
[2024-01-04 20:30:58,219] INFO [Broker id=0] Stopped fetchers as part of LeaderAndIsr request correlationId 5 from controller 0 epoch 6 as part of the become-leader transition for 50 partitions (state.change.logger)
[2024-01-04 20:30:58,247] INFO [Broker id=0] Leader __consumer_offsets-3 with topic id Some(D-YLpxx6QqGGobh2LTICFA) starts at leader epoch 0 from offset 0 with partition epoch 0, high watermark 0, ISR [0], adding replicas [] and removing replicas [] . Previous leader None and previous leader epoch was -1. (state.change.logger)
[2024-01-04 20:30:58,278] INFO [Broker id=0] Leader __consumer_offsets-18 with topic id Some(D-YLpxx6QqGGobh2LTICFA) starts at leader epoch 0 from offset 0 with partition epoch 0, high watermark 0, ISR [0], adding replicas [] and removing replicas [] . Previous leader None and previous leader epoch was -1. (state.change.logger)
[2024-01-04 20:30:58,300] INFO [Broker id=0] Leader __consumer_offsets-41 with topic id Some(D-YLpxx6QqGGobh2LTICFA) starts at leader epoch 0 from offset 0 with partition epoch 0, high watermark 0, ISR [0], adding replicas [] and removing replicas [] . Previous leader None and previous leader epoch was -1. (state.change.logger)
[2024-01-04 20:30:58,322] INFO [Broker id=0] Leader __consumer_offsets-10 with topic id Some(D-YLpxx6QqGGobh2LTICFA) starts at leader epoch 0 from offset 0 with partition epoch 0, high watermark 0, ISR [0], adding replicas [] and removing replicas [] . Previous leader None and previous leader epoch was -1. (state.change.logger)
[2024-01-04 20:30:58,342] INFO [Broker id=0] Leader __consumer_offsets-33 with topic id Some(D-YLpxx6QqGGobh2LTICFA) starts at leader epoch 0 from offset 0 with partition epoch 0, high watermark 0, ISR [0], adding replicas [] and removing replicas [] . Previous leader None and previous leader epoch was -1. (state.change.logger)
[2024-01-04 20:30:58,368] INFO [Broker id=0] Leader __consumer_offsets-48 with topic id Some(D-YLpxx6QqGGobh2LTICFA) starts at leader epoch 0 from offset 0 with partition epoch 0, high watermark 0, ISR [0], adding replicas [] and removing replicas [] . Previous leader None and previous leader epoch was -1. (state.change.logger)
[2024-01-04 20:30:58,388] INFO [Broker id=0] Leader __consumer_offsets-19 with topic id Some(D-YLpxx6QqGGobh2LTICFA) starts at leader epoch 0 from offset 0 with partition epoch 0, high watermark 0, ISR [0], adding replicas [] and removing replicas [] . Previous leader None and previous leader epoch was -1. (state.change.logger)
[2024-01-04 20:30:58,413] INFO [Broker id=0] Leader __consumer_offsets-34 with topic id Some(D-YLpxx6QqGGobh2LTICFA) starts at leader epoch 0 from offset 0 with partition epoch 0, high watermark 0, ISR [0], adding replicas [] and removing replicas [] . Previous leader None and previous leader epoch was -1. (state.change.logger)
[2024-01-04 20:30:58,433] INFO [Broker id=0] Leader __consumer_offsets-4 with topic id Some(D-YLpxx6QqGGobh2LTICFA) starts at leader epoch 0 from offset 0 with partition epoch 0, high watermark 0, ISR [0], adding replicas [] and removing replicas [] . Previous leader None and previous leader epoch was -1. (state.change.logger)
[2024-01-04 20:30:58,454] INFO [Broker id=0] Leader __consumer_offsets-11 with topic id Some(D-YLpxx6QqGGobh2LTICFA) starts at leader epoch 0 from offset 0 with partition epoch 0, high watermark 0, ISR [0], adding replicas [] and removing replicas [] . Previous leader None and previous leader epoch was -1. (state.change.logger)
[2024-01-04 20:30:58,479] INFO [Broker id=0] Leader __consumer_offsets-26 with topic id Some(D-YLpxx6QqGGobh2LTICFA) starts at leader epoch 0 from offset 0 with partition epoch 0, high watermark 0, ISR [0], adding replicas [] and removing replicas [] . Previous leader None and previous leader epoch was -1. (state.change.logger)
[2024-01-04 20:30:58,507] INFO [Broker id=0] Leader __consumer_offsets-49 with topic id Some(D-YLpxx6QqGGobh2LTICFA) starts at leader epoch 0 from offset 0 with partition epoch 0, high watermark 0, ISR [0], adding replicas [] and removing replicas [] . Previous leader None and previous leader epoch was -1. (state.change.logger)
[2024-01-04 20:30:58,532] INFO [Broker id=0] Leader __consumer_offsets-39 with topic id Some(D-YLpxx6QqGGobh2LTICFA) starts at leader epoch 0 from offset 0 with partition epoch 0, high watermark 0, ISR [0], adding replicas [] and removing replicas [] . Previous leader None and previous leader epoch was -1. (state.change.logger)
[2024-01-04 20:30:58,561] INFO [Broker id=0] Leader __consumer_offsets-9 with topic id Some(D-YLpxx6QqGGobh2LTICFA) starts at leader epoch 0 from offset 0 with partition epoch 0, high watermark 0, ISR [0], adding replicas [] and removing replicas [] . Previous leader None and previous leader epoch was -1. (state.change.logger)
[2024-01-04 20:30:58,585] INFO [Broker id=0] Leader __consumer_offsets-24 with topic id Some(D-YLpxx6QqGGobh2LTICFA) starts at leader epoch 0 from offset 0 with partition epoch 0, high watermark 0, ISR [0], adding replicas [] and removing replicas [] . Previous leader None and previous leader epoch was -1. (state.change.logger)
[2024-01-04 20:30:58,606] INFO [Broker id=0] Leader __consumer_offsets-31 with topic id Some(D-YLpxx6QqGGobh2LTICFA) starts at leader epoch 0 from offset 0 with partition epoch 0, high watermark 0, ISR [0], adding replicas [] and removing replicas [] . Previous leader None and previous leader epoch was -1. (state.change.logger)
[2024-01-04 20:30:58,630] INFO [Broker id=0] Leader __consumer_offsets-46 with topic id Some(D-YLpxx6QqGGobh2LTICFA) starts at leader epoch 0 from offset 0 with partition epoch 0, high watermark 0, ISR [0], adding replicas [] and removing replicas [] . Previous leader None and previous leader epoch was -1. (state.change.logger)
[2024-01-04 20:30:58,651] INFO [Broker id=0] Leader __consumer_offsets-1 with topic id Some(D-YLpxx6QqGGobh2LTICFA) starts at leader epoch 0 from offset 0 with partition epoch 0, high watermark 0, ISR [0], adding replicas [] and removing replicas [] . Previous leader None and previous leader epoch was -1. (state.change.logger)
[2024-01-04 20:30:58,674] INFO [Broker id=0] Leader __consumer_offsets-16 with topic id Some(D-YLpxx6QqGGobh2LTICFA) starts at leader epoch 0 from offset 0 with partition epoch 0, high watermark 0, ISR [0], adding replicas [] and removing replicas [] . Previous leader None and previous leader epoch was -1. (state.change.logger)
[2024-01-04 20:30:58,697] INFO [Broker id=0] Leader __consumer_offsets-2 with topic id Some(D-YLpxx6QqGGobh2LTICFA) starts at leader epoch 0 from offset 0 with partition epoch 0, high watermark 0, ISR [0], adding replicas [] and removing replicas [] . Previous leader None and previous leader epoch was -1. (state.change.logger)
[2024-01-04 20:30:58,718] INFO [Broker id=0] Leader __consumer_offsets-25 with topic id Some(D-YLpxx6QqGGobh2LTICFA) starts at leader epoch 0 from offset 0 with partition epoch 0, high watermark 0, ISR [0], adding replicas [] and removing replicas [] . Previous leader None and previous leader epoch was -1. (state.change.logger)
[2024-01-04 20:30:58,738] INFO [Broker id=0] Leader __consumer_offsets-40 with topic id Some(D-YLpxx6QqGGobh2LTICFA) starts at leader epoch 0 from offset 0 with partition epoch 0, high watermark 0, ISR [0], adding replicas [] and removing replicas [] . Previous leader None and previous leader epoch was -1. (state.change.logger)
[2024-01-04 20:30:58,761] INFO [Broker id=0] Leader __consumer_offsets-47 with topic id Some(D-YLpxx6QqGGobh2LTICFA) starts at leader epoch 0 from offset 0 with partition epoch 0, high watermark 0, ISR [0], adding replicas [] and removing replicas [] . Previous leader None and previous leader epoch was -1. (state.change.logger)
[2024-01-04 20:30:58,781] INFO [Broker id=0] Leader __consumer_offsets-17 with topic id Some(D-YLpxx6QqGGobh2LTICFA) starts at leader epoch 0 from offset 0 with partition epoch 0, high watermark 0, ISR [0], adding replicas [] and removing replicas [] . Previous leader None and previous leader epoch was -1. (state.change.logger)
[2024-01-04 20:30:58,802] INFO [Broker id=0] Leader __consumer_offsets-32 with topic id Some(D-YLpxx6QqGGobh2LTICFA) starts at leader epoch 0 from offset 0 with partition epoch 0, high watermark 0, ISR [0], adding replicas [] and removing replicas [] . Previous leader None and previous leader epoch was -1. (state.change.logger)
[2024-01-04 20:30:58,825] INFO [Broker id=0] Leader __consumer_offsets-37 with topic id Some(D-YLpxx6QqGGobh2LTICFA) starts at leader epoch 0 from offset 0 with partition epoch 0, high watermark 0, ISR [0], adding replicas [] and removing replicas [] . Previous leader None and previous leader epoch was -1. (state.change.logger)
[2024-01-04 20:30:58,848] INFO [Broker id=0] Leader __consumer_offsets-7 with topic id Some(D-YLpxx6QqGGobh2LTICFA) starts at leader epoch 0 from offset 0 with partition epoch 0, high watermark 0, ISR [0], adding replicas [] and removing replicas [] . Previous leader None and previous leader epoch was -1. (state.change.logger)
[2024-01-04 20:30:58,870] INFO [Broker id=0] Leader __consumer_offsets-22 with topic id Some(D-YLpxx6QqGGobh2LTICFA) starts at leader epoch 0 from offset 0 with partition epoch 0, high watermark 0, ISR [0], adding replicas [] and removing replicas [] . Previous leader None and previous leader epoch was -1. (state.change.logger)
[2024-01-04 20:30:58,894] INFO [Broker id=0] Leader __consumer_offsets-29 with topic id Some(D-YLpxx6QqGGobh2LTICFA) starts at leader epoch 0 from offset 0 with partition epoch 0, high watermark 0, ISR [0], adding replicas [] and removing replicas [] . Previous leader None and previous leader epoch was -1. (state.change.logger)
[2024-01-04 20:30:58,915] INFO [Broker id=0] Leader __consumer_offsets-44 with topic id Some(D-YLpxx6QqGGobh2LTICFA) starts at leader epoch 0 from offset 0 with partition epoch 0, high watermark 0, ISR [0], adding replicas [] and removing replicas [] . Previous leader None and previous leader epoch was -1. (state.change.logger)
[2024-01-04 20:30:58,941] INFO [Broker id=0] Leader __consumer_offsets-14 with topic id Some(D-YLpxx6QqGGobh2LTICFA) starts at leader epoch 0 from offset 0 with partition epoch 0, high watermark 0, ISR [0], adding replicas [] and removing replicas [] . Previous leader None and previous leader epoch was -1. (state.change.logger)
[2024-01-04 20:30:58,965] INFO [Broker id=0] Leader __consumer_offsets-23 with topic id Some(D-YLpxx6QqGGobh2LTICFA) starts at leader epoch 0 from offset 0 with partition epoch 0, high watermark 0, ISR [0], adding replicas [] and removing replicas [] . Previous leader None and previous leader epoch was -1. (state.change.logger)
[2024-01-04 20:30:58,989] INFO [Broker id=0] Leader __consumer_offsets-38 with topic id Some(D-YLpxx6QqGGobh2LTICFA) starts at leader epoch 0 from offset 0 with partition epoch 0, high watermark 0, ISR [0], adding replicas [] and removing replicas [] . Previous leader None and previous leader epoch was -1. (state.change.logger)
[2024-01-04 20:30:59,010] INFO [Broker id=0] Leader __consumer_offsets-8 with topic id Some(D-YLpxx6QqGGobh2LTICFA) starts at leader epoch 0 from offset 0 with partition epoch 0, high watermark 0, ISR [0], adding replicas [] and removing replicas [] . Previous leader None and previous leader epoch was -1. (state.change.logger)
[2024-01-04 20:30:59,038] INFO [Broker id=0] Leader __consumer_offsets-45 with topic id Some(D-YLpxx6QqGGobh2LTICFA) starts at leader epoch 0 from offset 0 with partition epoch 0, high watermark 0, ISR [0], adding replicas [] and removing replicas [] . Previous leader None and previous leader epoch was -1. (state.change.logger)
[2024-01-04 20:30:59,060] INFO [Broker id=0] Leader __consumer_offsets-15 with topic id Some(D-YLpxx6QqGGobh2LTICFA) starts at leader epoch 0 from offset 0 with partition epoch 0, high watermark 0, ISR [0], adding replicas [] and removing replicas [] . Previous leader None and previous leader epoch was -1. (state.change.logger)
[2024-01-04 20:30:59,092] INFO [Broker id=0] Leader __consumer_offsets-30 with topic id Some(D-YLpxx6QqGGobh2LTICFA) starts at leader epoch 0 from offset 0 with partition epoch 0, high watermark 0, ISR [0], adding replicas [] and removing replicas [] . Previous leader None and previous leader epoch was -1. (state.change.logger)
[2024-01-04 20:30:59,138] INFO [Broker id=0] Leader __consumer_offsets-0 with topic id Some(D-YLpxx6QqGGobh2LTICFA) starts at leader epoch 0 from offset 0 with partition epoch 0, high watermark 0, ISR [0], adding replicas [] and removing replicas [] . Previous leader None and previous leader epoch was -1. (state.change.logger)
[2024-01-04 20:30:59,165] INFO [Broker id=0] Leader __consumer_offsets-35 with topic id Some(D-YLpxx6QqGGobh2LTICFA) starts at leader epoch 0 from offset 0 with partition epoch 0, high watermark 0, ISR [0], adding replicas [] and removing replicas [] . Previous leader None and previous leader epoch was -1. (state.change.logger)
[2024-01-04 20:30:59,188] INFO [Broker id=0] Leader __consumer_offsets-5 with topic id Some(D-YLpxx6QqGGobh2LTICFA) starts at leader epoch 0 from offset 0 with partition epoch 0, high watermark 0, ISR [0], adding replicas [] and removing replicas [] . Previous leader None and previous leader epoch was -1. (state.change.logger)
[2024-01-04 20:30:59,219] INFO [Broker id=0] Leader __consumer_offsets-20 with topic id Some(D-YLpxx6QqGGobh2LTICFA) starts at leader epoch 0 from offset 0 with partition epoch 0, high watermark 0, ISR [0], adding replicas [] and removing replicas [] . Previous leader None and previous leader epoch was -1. (state.change.logger)
[2024-01-04 20:30:59,246] INFO [Broker id=0] Leader __consumer_offsets-27 with topic id Some(D-YLpxx6QqGGobh2LTICFA) starts at leader epoch 0 from offset 0 with partition epoch 0, high watermark 0, ISR [0], adding replicas [] and removing replicas [] . Previous leader None and previous leader epoch was -1. (state.change.logger)
[2024-01-04 20:30:59,268] INFO [Broker id=0] Leader __consumer_offsets-42 with topic id Some(D-YLpxx6QqGGobh2LTICFA) starts at leader epoch 0 from offset 0 with partition epoch 0, high watermark 0, ISR [0], adding replicas [] and removing replicas [] . Previous leader None and previous leader epoch was -1. (state.change.logger)
[2024-01-04 20:30:59,291] INFO [Broker id=0] Leader __consumer_offsets-12 with topic id Some(D-YLpxx6QqGGobh2LTICFA) starts at leader epoch 0 from offset 0 with partition epoch 0, high watermark 0, ISR [0], adding replicas [] and removing replicas [] . Previous leader None and previous leader epoch was -1. (state.change.logger)
[2024-01-04 20:30:59,315] INFO [Broker id=0] Leader __consumer_offsets-21 with topic id Some(D-YLpxx6QqGGobh2LTICFA) starts at leader epoch 0 from offset 0 with partition epoch 0, high watermark 0, ISR [0], adding replicas [] and removing replicas [] . Previous leader None and previous leader epoch was -1. (state.change.logger)
[2024-01-04 20:30:59,340] INFO [Broker id=0] Leader __consumer_offsets-36 with topic id Some(D-YLpxx6QqGGobh2LTICFA) starts at leader epoch 0 from offset 0 with partition epoch 0, high watermark 0, ISR [0], adding replicas [] and removing replicas [] . Previous leader None and previous leader epoch was -1. (state.change.logger)
[2024-01-04 20:30:59,370] INFO [Broker id=0] Leader __consumer_offsets-6 with topic id Some(D-YLpxx6QqGGobh2LTICFA) starts at leader epoch 0 from offset 0 with partition epoch 0, high watermark 0, ISR [0], adding replicas [] and removing replicas [] . Previous leader None and previous leader epoch was -1. (state.change.logger)
[2024-01-04 20:30:59,394] INFO [Broker id=0] Leader __consumer_offsets-43 with topic id Some(D-YLpxx6QqGGobh2LTICFA) starts at leader epoch 0 from offset 0 with partition epoch 0, high watermark 0, ISR [0], adding replicas [] and removing replicas [] . Previous leader None and previous leader epoch was -1. (state.change.logger)
[2024-01-04 20:30:59,418] INFO [Broker id=0] Leader __consumer_offsets-13 with topic id Some(D-YLpxx6QqGGobh2LTICFA) starts at leader epoch 0 from offset 0 with partition epoch 0, high watermark 0, ISR [0], adding replicas [] and removing replicas [] . Previous leader None and previous leader epoch was -1. (state.change.logger)
[2024-01-04 20:30:59,444] INFO [Broker id=0] Leader __consumer_offsets-28 with topic id Some(D-YLpxx6QqGGobh2LTICFA) starts at leader epoch 0 from offset 0 with partition epoch 0, high watermark 0, ISR [0], adding replicas [] and removing replicas [] . Previous leader None and previous leader epoch was -1. (state.change.logger)
[2024-01-04 20:30:59,559] INFO [Broker id=0] Finished LeaderAndIsr request in 1364ms correlationId 5 from controller 0 for 50 partitions (state.change.logger)
[2024-01-04 20:30:59,562] INFO [Broker id=0] Add 50 partitions and deleted 0 partitions from metadata cache in response to UpdateMetadata request sent by controller 0 epoch 6 with correlation id 6 (state.change.logger)
[2024-01-04 20:38:07,969] INFO [Controller id=0 epoch=7] Sending UpdateMetadata request to brokers HashSet(0) for 0 partitions (state.change.logger)
[2024-01-04 20:38:08,031] INFO [Controller id=0 epoch=7] Sending LeaderAndIsr request to broker 0 with 52 become-leader and 0 become-follower partitions (state.change.logger)
[2024-01-04 20:38:08,037] INFO [Controller id=0 epoch=7] Sending UpdateMetadata request to brokers HashSet(0) for 52 partitions (state.change.logger)
[2024-01-04 20:38:08,563] INFO [Broker id=0] Handling LeaderAndIsr request correlationId 1 from controller 0 for 52 partitions (state.change.logger)
[2024-01-04 20:38:08,610] INFO [Broker id=0] Stopped fetchers as part of LeaderAndIsr request correlationId 1 from controller 0 epoch 7 as part of the become-leader transition for 52 partitions (state.change.logger)
[2024-01-04 20:38:08,651] INFO [Broker id=0] Leader __consumer_offsets-3 with topic id Some(D-YLpxx6QqGGobh2LTICFA) starts at leader epoch 0 from offset 0 with partition epoch 0, high watermark 0, ISR [0], adding replicas [] and removing replicas [] . Previous leader None and previous leader epoch was -1. (state.change.logger)
[2024-01-04 20:38:08,674] INFO [Broker id=0] Leader __consumer_offsets-18 with topic id Some(D-YLpxx6QqGGobh2LTICFA) starts at leader epoch 0 from offset 0 with partition epoch 0, high watermark 0, ISR [0], adding replicas [] and removing replicas [] . Previous leader None and previous leader epoch was -1. (state.change.logger)
[2024-01-04 20:38:08,684] INFO [Broker id=0] Leader __consumer_offsets-41 with topic id Some(D-YLpxx6QqGGobh2LTICFA) starts at leader epoch 0 from offset 0 with partition epoch 0, high watermark 0, ISR [0], adding replicas [] and removing replicas [] . Previous leader None and previous leader epoch was -1. (state.change.logger)
[2024-01-04 20:38:08,694] INFO [Broker id=0] Leader __consumer_offsets-10 with topic id Some(D-YLpxx6QqGGobh2LTICFA) starts at leader epoch 0 from offset 0 with partition epoch 0, high watermark 0, ISR [0], adding replicas [] and removing replicas [] . Previous leader None and previous leader epoch was -1. (state.change.logger)
[2024-01-04 20:38:08,707] INFO [Broker id=0] Leader __consumer_offsets-33 with topic id Some(D-YLpxx6QqGGobh2LTICFA) starts at leader epoch 0 from offset 0 with partition epoch 0, high watermark 0, ISR [0], adding replicas [] and removing replicas [] . Previous leader None and previous leader epoch was -1. (state.change.logger)
[2024-01-04 20:38:08,715] INFO [Broker id=0] Leader __consumer_offsets-48 with topic id Some(D-YLpxx6QqGGobh2LTICFA) starts at leader epoch 0 from offset 0 with partition epoch 0, high watermark 0, ISR [0], adding replicas [] and removing replicas [] . Previous leader None and previous leader epoch was -1. (state.change.logger)
[2024-01-04 20:38:08,723] INFO [Broker id=0] Leader __consumer_offsets-19 with topic id Some(D-YLpxx6QqGGobh2LTICFA) starts at leader epoch 0 from offset 0 with partition epoch 0, high watermark 0, ISR [0], adding replicas [] and removing replicas [] . Previous leader None and previous leader epoch was -1. (state.change.logger)
[2024-01-04 20:38:08,731] INFO [Broker id=0] Leader __consumer_offsets-34 with topic id Some(D-YLpxx6QqGGobh2LTICFA) starts at leader epoch 0 from offset 0 with partition epoch 0, high watermark 0, ISR [0], adding replicas [] and removing replicas [] . Previous leader None and previous leader epoch was -1. (state.change.logger)
[2024-01-04 20:38:08,738] INFO [Broker id=0] Leader __consumer_offsets-4 with topic id Some(D-YLpxx6QqGGobh2LTICFA) starts at leader epoch 0 from offset 0 with partition epoch 0, high watermark 0, ISR [0], adding replicas [] and removing replicas [] . Previous leader None and previous leader epoch was -1. (state.change.logger)
[2024-01-04 20:38:08,746] INFO [Broker id=0] Leader __consumer_offsets-11 with topic id Some(D-YLpxx6QqGGobh2LTICFA) starts at leader epoch 0 from offset 0 with partition epoch 0, high watermark 0, ISR [0], adding replicas [] and removing replicas [] . Previous leader None and previous leader epoch was -1. (state.change.logger)
[2024-01-04 20:38:08,755] INFO [Broker id=0] Leader __consumer_offsets-26 with topic id Some(D-YLpxx6QqGGobh2LTICFA) starts at leader epoch 0 from offset 0 with partition epoch 0, high watermark 0, ISR [0], adding replicas [] and removing replicas [] . Previous leader None and previous leader epoch was -1. (state.change.logger)
[2024-01-04 20:38:08,761] INFO [Broker id=0] Leader __consumer_offsets-49 with topic id Some(D-YLpxx6QqGGobh2LTICFA) starts at leader epoch 0 from offset 0 with partition epoch 0, high watermark 0, ISR [0], adding replicas [] and removing replicas [] . Previous leader None and previous leader epoch was -1. (state.change.logger)
[2024-01-04 20:38:08,769] INFO [Broker id=0] Leader ashokit_order_topic-0 with topic id Some(5Q4N7hzzQlm7qY9PXHYY9w) starts at leader epoch 0 from offset 1 with partition epoch 0, high watermark 1, ISR [0], adding replicas [] and removing replicas [] . Previous leader None and previous leader epoch was -1. (state.change.logger)
[2024-01-04 20:38:08,770] INFO [Broker id=0] Leader __consumer_offsets-39 with topic id Some(D-YLpxx6QqGGobh2LTICFA) starts at leader epoch 0 from offset 0 with partition epoch 0, high watermark 0, ISR [0], adding replicas [] and removing replicas [] . Previous leader None and previous leader epoch was -1. (state.change.logger)
[2024-01-04 20:38:08,778] INFO [Broker id=0] Leader __consumer_offsets-9 with topic id Some(D-YLpxx6QqGGobh2LTICFA) starts at leader epoch 0 from offset 0 with partition epoch 0, high watermark 0, ISR [0], adding replicas [] and removing replicas [] . Previous leader None and previous leader epoch was -1. (state.change.logger)
[2024-01-04 20:38:08,786] INFO [Broker id=0] Leader __consumer_offsets-24 with topic id Some(D-YLpxx6QqGGobh2LTICFA) starts at leader epoch 0 from offset 0 with partition epoch 0, high watermark 0, ISR [0], adding replicas [] and removing replicas [] . Previous leader None and previous leader epoch was -1. (state.change.logger)
[2024-01-04 20:38:08,793] INFO [Broker id=0] Leader __consumer_offsets-31 with topic id Some(D-YLpxx6QqGGobh2LTICFA) starts at leader epoch 0 from offset 0 with partition epoch 0, high watermark 0, ISR [0], adding replicas [] and removing replicas [] . Previous leader None and previous leader epoch was -1. (state.change.logger)
[2024-01-04 20:38:08,801] INFO [Broker id=0] Leader __consumer_offsets-46 with topic id Some(D-YLpxx6QqGGobh2LTICFA) starts at leader epoch 0 from offset 0 with partition epoch 0, high watermark 0, ISR [0], adding replicas [] and removing replicas [] . Previous leader None and previous leader epoch was -1. (state.change.logger)
[2024-01-04 20:38:08,809] INFO [Broker id=0] Leader __consumer_offsets-1 with topic id Some(D-YLpxx6QqGGobh2LTICFA) starts at leader epoch 0 from offset 0 with partition epoch 0, high watermark 0, ISR [0], adding replicas [] and removing replicas [] . Previous leader None and previous leader epoch was -1. (state.change.logger)
[2024-01-04 20:38:08,817] INFO [Broker id=0] Leader __consumer_offsets-16 with topic id Some(D-YLpxx6QqGGobh2LTICFA) starts at leader epoch 0 from offset 0 with partition epoch 0, high watermark 0, ISR [0], adding replicas [] and removing replicas [] . Previous leader None and previous leader epoch was -1. (state.change.logger)
[2024-01-04 20:38:08,825] INFO [Broker id=0] Leader __consumer_offsets-2 with topic id Some(D-YLpxx6QqGGobh2LTICFA) starts at leader epoch 0 from offset 0 with partition epoch 0, high watermark 0, ISR [0], adding replicas [] and removing replicas [] . Previous leader None and previous leader epoch was -1. (state.change.logger)
[2024-01-04 20:38:08,833] INFO [Broker id=0] Leader __consumer_offsets-25 with topic id Some(D-YLpxx6QqGGobh2LTICFA) starts at leader epoch 0 from offset 0 with partition epoch 0, high watermark 0, ISR [0], adding replicas [] and removing replicas [] . Previous leader None and previous leader epoch was -1. (state.change.logger)
[2024-01-04 20:38:08,841] INFO [Broker id=0] Leader __consumer_offsets-40 with topic id Some(D-YLpxx6QqGGobh2LTICFA) starts at leader epoch 0 from offset 0 with partition epoch 0, high watermark 0, ISR [0], adding replicas [] and removing replicas [] . Previous leader None and previous leader epoch was -1. (state.change.logger)
[2024-01-04 20:38:08,847] INFO [Broker id=0] Leader __consumer_offsets-47 with topic id Some(D-YLpxx6QqGGobh2LTICFA) starts at leader epoch 0 from offset 0 with partition epoch 0, high watermark 0, ISR [0], adding replicas [] and removing replicas [] . Previous leader None and previous leader epoch was -1. (state.change.logger)
[2024-01-04 20:38:08,856] INFO [Broker id=0] Leader __consumer_offsets-17 with topic id Some(D-YLpxx6QqGGobh2LTICFA) starts at leader epoch 0 from offset 0 with partition epoch 0, high watermark 0, ISR [0], adding replicas [] and removing replicas [] . Previous leader None and previous leader epoch was -1. (state.change.logger)
[2024-01-04 20:38:08,863] INFO [Broker id=0] Leader __consumer_offsets-32 with topic id Some(D-YLpxx6QqGGobh2LTICFA) starts at leader epoch 0 from offset 3 with partition epoch 0, high watermark 3, ISR [0], adding replicas [] and removing replicas [] . Previous leader None and previous leader epoch was -1. (state.change.logger)
[2024-01-04 20:38:08,864] INFO [Broker id=0] Leader __consumer_offsets-37 with topic id Some(D-YLpxx6QqGGobh2LTICFA) starts at leader epoch 0 from offset 0 with partition epoch 0, high watermark 0, ISR [0], adding replicas [] and removing replicas [] . Previous leader None and previous leader epoch was -1. (state.change.logger)
[2024-01-04 20:38:08,872] INFO [Broker id=0] Leader __consumer_offsets-7 with topic id Some(D-YLpxx6QqGGobh2LTICFA) starts at leader epoch 0 from offset 0 with partition epoch 0, high watermark 0, ISR [0], adding replicas [] and removing replicas [] . Previous leader None and previous leader epoch was -1. (state.change.logger)
[2024-01-04 20:38:08,878] INFO [Broker id=0] Leader __consumer_offsets-22 with topic id Some(D-YLpxx6QqGGobh2LTICFA) starts at leader epoch 0 from offset 0 with partition epoch 0, high watermark 0, ISR [0], adding replicas [] and removing replicas [] . Previous leader None and previous leader epoch was -1. (state.change.logger)
[2024-01-04 20:38:08,886] INFO [Broker id=0] Leader __consumer_offsets-29 with topic id Some(D-YLpxx6QqGGobh2LTICFA) starts at leader epoch 0 from offset 0 with partition epoch 0, high watermark 0, ISR [0], adding replicas [] and removing replicas [] . Previous leader None and previous leader epoch was -1. (state.change.logger)
[2024-01-04 20:38:08,893] INFO [Broker id=0] Leader __consumer_offsets-44 with topic id Some(D-YLpxx6QqGGobh2LTICFA) starts at leader epoch 0 from offset 0 with partition epoch 0, high watermark 0, ISR [0], adding replicas [] and removing replicas [] . Previous leader None and previous leader epoch was -1. (state.change.logger)
[2024-01-04 20:38:08,900] INFO [Broker id=0] Leader __consumer_offsets-14 with topic id Some(D-YLpxx6QqGGobh2LTICFA) starts at leader epoch 0 from offset 0 with partition epoch 0, high watermark 0, ISR [0], adding replicas [] and removing replicas [] . Previous leader None and previous leader epoch was -1. (state.change.logger)
[2024-01-04 20:38:08,909] INFO [Broker id=0] Leader __consumer_offsets-23 with topic id Some(D-YLpxx6QqGGobh2LTICFA) starts at leader epoch 0 from offset 0 with partition epoch 0, high watermark 0, ISR [0], adding replicas [] and removing replicas [] . Previous leader None and previous leader epoch was -1. (state.change.logger)
[2024-01-04 20:38:08,917] INFO [Broker id=0] Leader __consumer_offsets-38 with topic id Some(D-YLpxx6QqGGobh2LTICFA) starts at leader epoch 0 from offset 0 with partition epoch 0, high watermark 0, ISR [0], adding replicas [] and removing replicas [] . Previous leader None and previous leader epoch was -1. (state.change.logger)
[2024-01-04 20:38:08,923] INFO [Broker id=0] Leader __consumer_offsets-8 with topic id Some(D-YLpxx6QqGGobh2LTICFA) starts at leader epoch 0 from offset 0 with partition epoch 0, high watermark 0, ISR [0], adding replicas [] and removing replicas [] . Previous leader None and previous leader epoch was -1. (state.change.logger)
[2024-01-04 20:38:08,930] INFO [Broker id=0] Leader __consumer_offsets-45 with topic id Some(D-YLpxx6QqGGobh2LTICFA) starts at leader epoch 0 from offset 0 with partition epoch 0, high watermark 0, ISR [0], adding replicas [] and removing replicas [] . Previous leader None and previous leader epoch was -1. (state.change.logger)
[2024-01-04 20:38:08,939] INFO [Broker id=0] Leader __consumer_offsets-15 with topic id Some(D-YLpxx6QqGGobh2LTICFA) starts at leader epoch 0 from offset 0 with partition epoch 0, high watermark 0, ISR [0], adding replicas [] and removing replicas [] . Previous leader None and previous leader epoch was -1. (state.change.logger)
[2024-01-04 20:38:08,946] INFO [Broker id=0] Leader __consumer_offsets-30 with topic id Some(D-YLpxx6QqGGobh2LTICFA) starts at leader epoch 0 from offset 0 with partition epoch 0, high watermark 0, ISR [0], adding replicas [] and removing replicas [] . Previous leader None and previous leader epoch was -1. (state.change.logger)
[2024-01-04 20:38:08,954] INFO [Broker id=0] Leader __consumer_offsets-0 with topic id Some(D-YLpxx6QqGGobh2LTICFA) starts at leader epoch 0 from offset 0 with partition epoch 0, high watermark 0, ISR [0], adding replicas [] and removing replicas [] . Previous leader None and previous leader epoch was -1. (state.change.logger)
[2024-01-04 20:38:08,961] INFO [Broker id=0] Leader __consumer_offsets-35 with topic id Some(D-YLpxx6QqGGobh2LTICFA) starts at leader epoch 0 from offset 0 with partition epoch 0, high watermark 0, ISR [0], adding replicas [] and removing replicas [] . Previous leader None and previous leader epoch was -1. (state.change.logger)
[2024-01-04 20:38:08,969] INFO [Broker id=0] Leader __consumer_offsets-5 with topic id Some(D-YLpxx6QqGGobh2LTICFA) starts at leader epoch 0 from offset 0 with partition epoch 0, high watermark 0, ISR [0], adding replicas [] and removing replicas [] . Previous leader None and previous leader epoch was -1. (state.change.logger)
[2024-01-04 20:38:08,977] INFO [Broker id=0] Leader __consumer_offsets-20 with topic id Some(D-YLpxx6QqGGobh2LTICFA) starts at leader epoch 0 from offset 0 with partition epoch 0, high watermark 0, ISR [0], adding replicas [] and removing replicas [] . Previous leader None and previous leader epoch was -1. (state.change.logger)
[2024-01-04 20:38:08,985] INFO [Broker id=0] Leader __consumer_offsets-27 with topic id Some(D-YLpxx6QqGGobh2LTICFA) starts at leader epoch 0 from offset 0 with partition epoch 0, high watermark 0, ISR [0], adding replicas [] and removing replicas [] . Previous leader None and previous leader epoch was -1. (state.change.logger)
[2024-01-04 20:38:08,992] INFO [Broker id=0] Leader __consumer_offsets-42 with topic id Some(D-YLpxx6QqGGobh2LTICFA) starts at leader epoch 0 from offset 0 with partition epoch 0, high watermark 0, ISR [0], adding replicas [] and removing replicas [] . Previous leader None and previous leader epoch was -1. (state.change.logger)
[2024-01-04 20:38:09,000] INFO [Broker id=0] Leader __consumer_offsets-12 with topic id Some(D-YLpxx6QqGGobh2LTICFA) starts at leader epoch 0 from offset 0 with partition epoch 0, high watermark 0, ISR [0], adding replicas [] and removing replicas [] . Previous leader None and previous leader epoch was -1. (state.change.logger)
[2024-01-04 20:38:09,007] INFO [Broker id=0] Leader __consumer_offsets-21 with topic id Some(D-YLpxx6QqGGobh2LTICFA) starts at leader epoch 0 from offset 0 with partition epoch 0, high watermark 0, ISR [0], adding replicas [] and removing replicas [] . Previous leader None and previous leader epoch was -1. (state.change.logger)
[2024-01-04 20:38:09,014] INFO [Broker id=0] Leader __consumer_offsets-36 with topic id Some(D-YLpxx6QqGGobh2LTICFA) starts at leader epoch 0 from offset 0 with partition epoch 0, high watermark 0, ISR [0], adding replicas [] and removing replicas [] . Previous leader None and previous leader epoch was -1. (state.change.logger)
[2024-01-04 20:38:09,021] INFO [Broker id=0] Leader __consumer_offsets-6 with topic id Some(D-YLpxx6QqGGobh2LTICFA) starts at leader epoch 0 from offset 0 with partition epoch 0, high watermark 0, ISR [0], adding replicas [] and removing replicas [] . Previous leader None and previous leader epoch was -1. (state.change.logger)
[2024-01-04 20:38:09,028] INFO [Broker id=0] Leader __consumer_offsets-43 with topic id Some(D-YLpxx6QqGGobh2LTICFA) starts at leader epoch 0 from offset 0 with partition epoch 0, high watermark 0, ISR [0], adding replicas [] and removing replicas [] . Previous leader None and previous leader epoch was -1. (state.change.logger)
[2024-01-04 20:38:09,036] INFO [Broker id=0] Leader __consumer_offsets-13 with topic id Some(D-YLpxx6QqGGobh2LTICFA) starts at leader epoch 0 from offset 0 with partition epoch 0, high watermark 0, ISR [0], adding replicas [] and removing replicas [] . Previous leader None and previous leader epoch was -1. (state.change.logger)
[2024-01-04 20:38:09,042] INFO [Broker id=0] Leader __consumer_offsets-28 with topic id Some(D-YLpxx6QqGGobh2LTICFA) starts at leader epoch 0 from offset 0 with partition epoch 0, high watermark 0, ISR [0], adding replicas [] and removing replicas [] . Previous leader None and previous leader epoch was -1. (state.change.logger)
[2024-01-04 20:38:09,049] INFO [Broker id=0] Leader ccd_topic-0 with topic id Some(uU-om-D_TrKAdFcRwM62lw) starts at leader epoch 0 from offset 0 with partition epoch 0, high watermark 0, ISR [0], adding replicas [] and removing replicas [] . Previous leader None and previous leader epoch was -1. (state.change.logger)
[2024-01-04 20:38:09,323] INFO [Broker id=0] Finished LeaderAndIsr request in 759ms correlationId 1 from controller 0 for 52 partitions (state.change.logger)
[2024-01-04 20:38:09,338] INFO [Broker id=0] Add 52 partitions and deleted 0 partitions from metadata cache in response to UpdateMetadata request sent by controller 0 epoch 7 with correlation id 2 (state.change.logger)
